Added Component: Designator=B1(RB-20)
Add component. Clean all parameters for all variants
Add component (AddParameter): Name = "BOM名称"; Value = "1KV/2A整流桥"; VariantName = "[No Variations]"
Add component (AddParameter): Name = "版权归属"; Value = "源创客"; VariantName = "[No Variations]"
Add component (AddParameter): Name = "学习资源"; Value = "www.ooocke.com"; VariantName = "[No Variations]"
Added Component: Designator=B2(RB-20)
Add component. Clean all parameters for all variants
Add component (AddParameter): Name = "BOM名称"; Value = "1KV/2A整流桥"; VariantName = "[No Variations]"
Add component (AddParameter): Name = "版权归属"; Value = "源创客"; VariantName = "[No Variations]"
Add component (AddParameter): Name = "学习资源"; Value = "www.ooocke.com"; VariantName = "[No Variations]"
Added Component: Designator=C1(CBB-CL71)
Add component. Clean all parameters for all variants
Add component (AddParameter): Name = "BOM名称"; Value = "CBB电容"; VariantName = "[No Variations]"
Add component (AddParameter): Name = "版权归属"; Value = "源创客"; VariantName = "[No Variations]"
Add component (AddParameter): Name = "学习资源"; Value = "www.ooocke.com"; VariantName = "[No Variations]"
Added Component: Designator=C2(CBB-CL71)
Add component. Clean all parameters for all variants
Add component (AddParameter): Name = "BOM名称"; Value = "CBB电容"; VariantName = "[No Variations]"
Add component (AddParameter): Name = "版权归属"; Value = "源创客"; VariantName = "[No Variations]"
Add component (AddParameter): Name = "学习资源"; Value = "www.ooocke.com"; VariantName = "[No Variations]"
Added Component: Designator=C3(CBB-CL71)
Add component. Clean all parameters for all variants
Add component (AddParameter): Name = "BOM名称"; Value = "CBB电容"; VariantName = "[No Variations]"
Add component (AddParameter): Name = "版权归属"; Value = "源创客"; VariantName = "[No Variations]"
Add component (AddParameter): Name = "学习资源"; Value = "www.ooocke.com"; VariantName = "[No Variations]"
Added Component: Designator=C4(CBB-CL71)
Add component. Clean all parameters for all variants
Add component (AddParameter): Name = "BOM名称"; Value = "CBB电容"; VariantName = "[No Variations]"
Add component (AddParameter): Name = "版权归属"; Value = "源创客"; VariantName = "[No Variations]"
Add component (AddParameter): Name = "学习资源"; Value = "www.ooocke.com"; VariantName = "[No Variations]"
Added Component: Designator=C5(CBB-CL71)
Add component. Clean all parameters for all variants
Add component (AddParameter): Name = "BOM名称"; Value = "CBB电容"; VariantName = "[No Variations]"
Add component (AddParameter): Name = "版权归属"; Value = "源创客"; VariantName = "[No Variations]"
Add component (AddParameter): Name = "学习资源"; Value = "www.ooocke.com"; VariantName = "[No Variations]"
Added Component: Designator=C6(C 0603)
Add component. Clean all parameters for all variants
Add component (AddParameter): Name = "BOM名称"; Value = "无极性贴片电容"; VariantName = "[No Variations]"
Add component (AddParameter): Name = "版权归属"; Value = "源创客"; VariantName = "[No Variations]"
Add component (AddParameter): Name = "学习资源"; Value = "www.ooocke.com"; VariantName = "[No Variations]"
Added Component: Designator=C7(C 0603)
Add component. Clean all parameters for all variants
Add component (AddParameter): Name = "BOM名称"; Value = "无极性贴片电容"; VariantName = "[No Variations]"
Add component (AddParameter): Name = "版权归属"; Value = "源创客"; VariantName = "[No Variations]"
Add component (AddParameter): Name = "学习资源"; Value = "www.ooocke.com"; VariantName = "[No Variations]"
Added Component: Designator=C8(C 0603)
Add component. Clean all parameters for all variants
Add component (AddParameter): Name = "BOM名称"; Value = "无极性贴片电容"; VariantName = "[No Variations]"
Add component (AddParameter): Name = "版权归属"; Value = "源创客"; VariantName = "[No Variations]"
Add component (AddParameter): Name = "学习资源"; Value = "www.ooocke.com"; VariantName = "[No Variations]"
Added Component: Designator=C9(C 0603)
Add component. Clean all parameters for all variants
Add component (AddParameter): Name = "BOM名称"; Value = "无极性贴片电容"; VariantName = "[No Variations]"
Add component (AddParameter): Name = "版权归属"; Value = "源创客"; VariantName = "[No Variations]"
Add component (AddParameter): Name = "学习资源"; Value = "www.ooocke.com"; VariantName = "[No Variations]"
Added Component: Designator=C10(C 0603)
Add component. Clean all parameters for all variants
Add component (AddParameter): Name = "BOM名称"; Value = "无极性贴片电容"; VariantName = "[No Variations]"
Add component (AddParameter): Name = "版权归属"; Value = "源创客"; VariantName = "[No Variations]"
Add component (AddParameter): Name = "学习资源"; Value = "www.ooocke.com"; VariantName = "[No Variations]"
Added Component: Designator=C11(C 0603)
Add component. Clean all parameters for all variants
Add component (AddParameter): Name = "BOM名称"; Value = "无极性贴片电容"; VariantName = "[No Variations]"
Add component (AddParameter): Name = "版权归属"; Value = "源创客"; VariantName = "[No Variations]"
Add component (AddParameter): Name = "学习资源"; Value = "www.ooocke.com"; VariantName = "[No Variations]"
Added Component: Designator=E1(CS 5.0*10*13 - C)
Add component. Clean all parameters for all variants
Add component (AddParameter): Name = "BOM名称"; Value = "直插固态电容"; VariantName = "[No Variations]"
Add component (AddParameter): Name = "版权归属"; Value = "源创客"; VariantName = "[No Variations]"
Add component (AddParameter): Name = "学习资源"; Value = "www.ooocke.com"; VariantName = "[No Variations]"
Added Component: Designator=E2(CS 5.0*10*13 - C)
Add component. Clean all parameters for all variants
Add component (AddParameter): Name = "BOM名称"; Value = "直插固态电容"; VariantName = "[No Variations]"
Add component (AddParameter): Name = "版权归属"; Value = "源创客"; VariantName = "[No Variations]"
Add component (AddParameter): Name = "学习资源"; Value = "www.ooocke.com"; VariantName = "[No Variations]"
Added Component: Designator=E3(CS 5.0*10*13 - C)
Add component. Clean all parameters for all variants
Add component (AddParameter): Name = "BOM名称"; Value = "直插固态电容"; VariantName = "[No Variations]"
Add component (AddParameter): Name = "版权归属"; Value = "源创客"; VariantName = "[No Variations]"
Add component (AddParameter): Name = "学习资源"; Value = "www.ooocke.com"; VariantName = "[No Variations]"
Added Component: Designator=E4(CS 5.0*10*13 - C)
Add component. Clean all parameters for all variants
Add component (AddParameter): Name = "BOM名称"; Value = "直插固态电容"; VariantName = "[No Variations]"
Add component (AddParameter): Name = "版权归属"; Value = "源创客"; VariantName = "[No Variations]"
Add component (AddParameter): Name = "学习资源"; Value = "www.ooocke.com"; VariantName = "[No Variations]"
Added Component: Designator=E5(CAP 7.5*18*35.5)
Add component. Clean all parameters for all variants
Add component (AddParameter): Name = "BOM名称"; Value = "直插电解电容"; VariantName = "[No Variations]"
Add component (AddParameter): Name = "版权归属"; Value = "源创客"; VariantName = "[No Variations]"
Add component (AddParameter): Name = "学习资源"; Value = "www.ooocke.com"; VariantName = "[No Variations]"
Added Component: Designator=E6(CAP 7.5*18*35.5)
Add component. Clean all parameters for all variants
Add component (AddParameter): Name = "BOM名称"; Value = "直插电解电容"; VariantName = "[No Variations]"
Add component (AddParameter): Name = "版权归属"; Value = "源创客"; VariantName = "[No Variations]"
Add component (AddParameter): Name = "学习资源"; Value = "www.ooocke.com"; VariantName = "[No Variations]"
Added Component: Designator=ic1(QFN65P500X500X100_HS-21N)
Add component. Clean all parameters for all variants
Add component (AddParameter): Name = "Supplier 1"; Value = "Arrow"; VariantName = "[No Variations]"
Added Component: Designator=IC2(DIP8-300)
Add component. Clean all parameters for all variants
Add component (AddParameter): Name = "BOMW?"; Value = "?隔弘K?"; VariantName = "[No Variations]"
Add component (AddParameter): Name = "???方"; Value = "www.ooocke.com"; VariantName = "[No Variations]"
Add component (AddParameter): Name = "???"; Value = "方?"; VariantName = "[No Variations]"
Added Component: Designator=ic3(QFN65P500X500X100_HS-21N)
Add component. Clean all parameters for all variants
Add component (AddParameter): Name = "Supplier 1"; Value = "Arrow"; VariantName = "[No Variations]"
Added Component: Designator=JP1(KF2EDGK5.08-2P)
Add component. Clean all parameters for all variants
Add component (AddParameter): Name = "BOM名称"; Value = "2P接插件"; VariantName = "[No Variations]"
Add component (AddParameter): Name = "版权归属"; Value = "源创客"; VariantName = "[No Variations]"
Add component (AddParameter): Name = "学习资源"; Value = "www.ooocke.com"; VariantName = "[No Variations]"
Added Component: Designator=JP2(KF2EDGK5.08-2P)
Add component. Clean all parameters for all variants
Add component (AddParameter): Name = "BOM名称"; Value = "2P接插件"; VariantName = "[No Variations]"
Add component (AddParameter): Name = "版权归属"; Value = "源创客"; VariantName = "[No Variations]"
Add component (AddParameter): Name = "学习资源"; Value = "www.ooocke.com"; VariantName = "[No Variations]"
Added Component: Designator=JP3(KF2EDGK5.08-2P)
Add component. Clean all parameters for all variants
Add component (AddParameter): Name = "BOM名称"; Value = "2P接插件"; VariantName = "[No Variations]"
Add component (AddParameter): Name = "版权归属"; Value = "源创客"; VariantName = "[No Variations]"
Add component (AddParameter): Name = "学习资源"; Value = "www.ooocke.com"; VariantName = "[No Variations]"
Added Component: Designator=JP4(KF2EDGK5.08-2P)
Add component. Clean all parameters for all variants
Add component (AddParameter): Name = "BOM名称"; Value = "2P接插件"; VariantName = "[No Variations]"
Add component (AddParameter): Name = "版权归属"; Value = "源创客"; VariantName = "[No Variations]"
Add component (AddParameter): Name = "学习资源"; Value = "www.ooocke.com"; VariantName = "[No Variations]"
Added Component: Designator=R1(RS 1/2W)
Add component. Clean all parameters for all variants
Add component (AddParameter): Name = "BOM名称"; Value = "色环电阻"; VariantName = "[No Variations]"
Add component (AddParameter): Name = "版权归属"; Value = "源创客"; VariantName = "[No Variations]"
Add component (AddParameter): Name = "学习资源"; Value = "www.ooocke.com"; VariantName = "[No Variations]"
Added Component: Designator=R2(RS 1/2W)
Add component. Clean all parameters for all variants
Add component (AddParameter): Name = "BOM名称"; Value = "色环电阻"; VariantName = "[No Variations]"
Add component (AddParameter): Name = "版权归属"; Value = "源创客"; VariantName = "[No Variations]"
Add component (AddParameter): Name = "学习资源"; Value = "www.ooocke.com"; VariantName = "[No Variations]"
Added Component: Designator=R3(RS 1/2W)
Add component. Clean all parameters for all variants
Add component (AddParameter): Name = "BOM名称"; Value = "色环电阻"; VariantName = "[No Variations]"
Add component (AddParameter): Name = "版权归属"; Value = "源创客"; VariantName = "[No Variations]"
Add component (AddParameter): Name = "学习资源"; Value = "www.ooocke.com"; VariantName = "[No Variations]"
Added Component: Designator=R4(RS 1/2W)
Add component. Clean all parameters for all variants
Add component (AddParameter): Name = "BOM名称"; Value = "色环电阻"; VariantName = "[No Variations]"
Add component (AddParameter): Name = "版权归属"; Value = "源创客"; VariantName = "[No Variations]"
Add component (AddParameter): Name = "学习资源"; Value = "www.ooocke.com"; VariantName = "[No Variations]"
Added Pin To Net: NetName=+15 Pin=C2-1
Added Pin To Net: NetName=+15 Pin=C3-1
Added Pin To Net: NetName=+15 Pin=C8-2
Added Pin To Net: NetName=+15 Pin=E3-1
Added Pin To Net: NetName=+15 Pin=E4-1
Added Pin To Net: NetName=+15 Pin=ic1-1
Added Pin To Net: NetName=+15 Pin=ic1-20
Added Pin To Net: NetName=+15 Pin=IC2-7
Added Net: Name=+15
Added Pin To Net: NetName=-15 Pin=B2-DC-
Added Pin To Net: NetName=-15 Pin=C4-1
Added Pin To Net: NetName=-15 Pin=C5-1
Added Pin To Net: NetName=-15 Pin=C9-1
Added Pin To Net: NetName=-15 Pin=C10-1
Added Pin To Net: NetName=-15 Pin=C11-1
Added Pin To Net: NetName=-15 Pin=E1-2
Added Pin To Net: NetName=-15 Pin=E2-2
Added Pin To Net: NetName=-15 Pin=E6-2
Added Pin To Net: NetName=-15 Pin=IC2-4
Added Pin To Net: NetName=-15 Pin=ic3-7
Added Pin To Net: NetName=-15 Pin=ic3-17
Added Pin To Net: NetName=-15 Pin=ic3-18
Added Pin To Net: NetName=-15 Pin=ic3-19
Added Pin To Net: NetName=-15 Pin=ic3-21
Added Net: Name=-15
Added Pin To Net: NetName=GND Pin=B1-DC-
Added Pin To Net: NetName=GND Pin=C1-2
Added Pin To Net: NetName=GND Pin=C2-2
Added Pin To Net: NetName=GND Pin=C3-2
Added Pin To Net: NetName=GND Pin=C4-2
Added Pin To Net: NetName=GND Pin=C5-2
Added Pin To Net: NetName=GND Pin=C6-1
Added Pin To Net: NetName=GND Pin=C7-1
Added Pin To Net: NetName=GND Pin=C8-1
Added Pin To Net: NetName=GND Pin=C9-2
Added Pin To Net: NetName=GND Pin=E1-1
Added Pin To Net: NetName=GND Pin=E2-1
Added Pin To Net: NetName=GND Pin=E3-2
Added Pin To Net: NetName=GND Pin=E4-2
Added Pin To Net: NetName=GND Pin=E5-2
Added Pin To Net: NetName=GND Pin=ic1-7
Added Pin To Net: NetName=GND Pin=ic1-17
Added Pin To Net: NetName=GND Pin=ic1-18
Added Pin To Net: NetName=GND Pin=ic1-19
Added Pin To Net: NetName=GND Pin=ic1-21
Added Pin To Net: NetName=GND Pin=ic3-1
Added Pin To Net: NetName=GND Pin=ic3-20
Added Pin To Net: NetName=GND Pin=JP1-2
Added Pin To Net: NetName=GND Pin=JP2-2
Added Pin To Net: NetName=GND Pin=R1-2
Added Pin To Net: NetName=GND Pin=R4-1
Added Net: Name=GND
Added Pin To Net: NetName=NetB1_AC1 Pin=B1-AC1
Added Pin To Net: NetName=NetB1_AC1 Pin=JP3-1
Added Net: Name=NetB1_AC1
Added Pin To Net: NetName=NetB1_AC2 Pin=B1-AC2
Added Pin To Net: NetName=NetB1_AC2 Pin=JP3-2
Added Net: Name=NetB1_AC2
Added Pin To Net: NetName=NetB1_DC+ Pin=B1-DC+
Added Pin To Net: NetName=NetB1_DC+ Pin=C6-2
Added Pin To Net: NetName=NetB1_DC+ Pin=E5-1
Added Pin To Net: NetName=NetB1_DC+ Pin=ic1-13
Added Pin To Net: NetName=NetB1_DC+ Pin=ic1-15
Added Pin To Net: NetName=NetB1_DC+ Pin=ic1-16
Added Net: Name=NetB1_DC+
Added Pin To Net: NetName=NetB2_AC1 Pin=B2-AC1
Added Pin To Net: NetName=NetB2_AC1 Pin=JP4-1
Added Net: Name=NetB2_AC1
Added Pin To Net: NetName=NetB2_AC2 Pin=B2-AC2
Added Pin To Net: NetName=NetB2_AC2 Pin=JP4-2
Added Net: Name=NetB2_AC2
Added Pin To Net: NetName=NetB2_DC+ Pin=B2-DC+
Added Pin To Net: NetName=NetB2_DC+ Pin=C10-2
Added Pin To Net: NetName=NetB2_DC+ Pin=E6-1
Added Pin To Net: NetName=NetB2_DC+ Pin=ic3-13
Added Pin To Net: NetName=NetB2_DC+ Pin=ic3-15
Added Pin To Net: NetName=NetB2_DC+ Pin=ic3-16
Added Net: Name=NetB2_DC+
Added Pin To Net: NetName=NetC1_1 Pin=C1-1
Added Pin To Net: NetName=NetC1_1 Pin=IC2-3
Added Pin To Net: NetName=NetC1_1 Pin=R2-2
Added Net: Name=NetC1_1
Added Pin To Net: NetName=NetC7_2 Pin=C7-2
Added Pin To Net: NetName=NetC7_2 Pin=ic1-14
Added Net: Name=NetC7_2
Added Pin To Net: NetName=NetC11_2 Pin=C11-2
Added Pin To Net: NetName=NetC11_2 Pin=ic3-14
Added Net: Name=NetC11_2
Added Pin To Net: NetName=NetIC2_2 Pin=IC2-2
Added Pin To Net: NetName=NetIC2_2 Pin=R4-2
Added Net: Name=NetIC2_2
Added Pin To Net: NetName=NetIC2_6 Pin=IC2-6
Added Pin To Net: NetName=NetIC2_6 Pin=R3-1
Added Net: Name=NetIC2_6
Added Pin To Net: NetName=NetJP1_1 Pin=JP1-1
Added Pin To Net: NetName=NetJP1_1 Pin=R1-1
Added Pin To Net: NetName=NetJP1_1 Pin=R2-1
Added Net: Name=NetJP1_1
Added Pin To Net: NetName=NetJP2_1 Pin=JP2-1
Added Pin To Net: NetName=NetJP2_1 Pin=R3-2
Added Net: Name=NetJP2_1
Added Class: Name=Preamp
Added Room: Name=Preamp
