Added Component: Designator=C?(CBB-CL71)
Add component. Clean all parameters for all variants
Add component (AddParameter): Name = "BOM名称"; Value = "CBB电容"; VariantName = "[No Variations]"
Add component (AddParameter): Name = "版权归属"; Value = "源创客"; VariantName = "[No Variations]"
Add component (AddParameter): Name = "学习资源"; Value = "www.ooocke.com"; VariantName = "[No Variations]"
Added Component: Designator=C?(CBB-CL71)
Add component. Clean all parameters for all variants
Add component (AddParameter): Name = "BOM名称"; Value = "CBB电容"; VariantName = "[No Variations]"
Add component (AddParameter): Name = "版权归属"; Value = "源创客"; VariantName = "[No Variations]"
Add component (AddParameter): Name = "学习资源"; Value = "www.ooocke.com"; VariantName = "[No Variations]"
Added Component: Designator=C?(CBB-CL71)
Add component. Clean all parameters for all variants
Add component (AddParameter): Name = "BOM名称"; Value = "CBB电容"; VariantName = "[No Variations]"
Add component (AddParameter): Name = "版权归属"; Value = "源创客"; VariantName = "[No Variations]"
Add component (AddParameter): Name = "学习资源"; Value = "www.ooocke.com"; VariantName = "[No Variations]"
Added Component: Designator=C?(CBB-CL71)
Add component. Clean all parameters for all variants
Add component (AddParameter): Name = "BOM名称"; Value = "CBB电容"; VariantName = "[No Variations]"
Add component (AddParameter): Name = "版权归属"; Value = "源创客"; VariantName = "[No Variations]"
Add component (AddParameter): Name = "学习资源"; Value = "www.ooocke.com"; VariantName = "[No Variations]"
Added Component: Designator=C?(CBB-CL71)
Add component. Clean all parameters for all variants
Add component (AddParameter): Name = "BOM名称"; Value = "CBB电容"; VariantName = "[No Variations]"
Add component (AddParameter): Name = "版权归属"; Value = "源创客"; VariantName = "[No Variations]"
Add component (AddParameter): Name = "学习资源"; Value = "www.ooocke.com"; VariantName = "[No Variations]"
Added Component: Designator=E?(CS 5.0*10*13 - C)
Add component. Clean all parameters for all variants
Add component (AddParameter): Name = "BOM名称"; Value = "直插固态电容"; VariantName = "[No Variations]"
Add component (AddParameter): Name = "版权归属"; Value = "源创客"; VariantName = "[No Variations]"
Add component (AddParameter): Name = "学习资源"; Value = "www.ooocke.com"; VariantName = "[No Variations]"
Added Component: Designator=E?(CS 5.0*10*13 - C)
Add component. Clean all parameters for all variants
Add component (AddParameter): Name = "BOM名称"; Value = "直插固态电容"; VariantName = "[No Variations]"
Add component (AddParameter): Name = "版权归属"; Value = "源创客"; VariantName = "[No Variations]"
Add component (AddParameter): Name = "学习资源"; Value = "www.ooocke.com"; VariantName = "[No Variations]"
Added Component: Designator=E?(CS 5.0*10*13 - C)
Add component. Clean all parameters for all variants
Add component (AddParameter): Name = "BOM名称"; Value = "直插固态电容"; VariantName = "[No Variations]"
Add component (AddParameter): Name = "版权归属"; Value = "源创客"; VariantName = "[No Variations]"
Add component (AddParameter): Name = "学习资源"; Value = "www.ooocke.com"; VariantName = "[No Variations]"
Added Component: Designator=E?(CS 5.0*10*13 - C)
Add component. Clean all parameters for all variants
Add component (AddParameter): Name = "BOM名称"; Value = "直插固态电容"; VariantName = "[No Variations]"
Add component (AddParameter): Name = "版权归属"; Value = "源创客"; VariantName = "[No Variations]"
Add component (AddParameter): Name = "学习资源"; Value = "www.ooocke.com"; VariantName = "[No Variations]"
Added Component: Designator=IC?(SOP8_N)
Add component. Clean all parameters for all variants
Add component (AddParameter): Name = "BOMW?"; Value = "?隔弘K?"; VariantName = "[No Variations]"
Add component (AddParameter): Name = "???方"; Value = "www.ooocke.com"; VariantName = "[No Variations]"
Add component (AddParameter): Name = "???"; Value = "方?"; VariantName = "[No Variations]"
Added Component: Designator=ic?(QFN65P500X500X100_HS-21N)
Add component. Clean all parameters for all variants
Add component (AddParameter): Name = "Supplier 1"; Value = "Arrow"; VariantName = "[No Variations]"
Add component (AddParameter): Name = "Supplier Part Number 1"; Value = "TPS7A4700RGWT**MULT1"; VariantName = "[No Variations]"
Added Component: Designator=ic?(QFN65P500X500X100_HS-21N)
Add component. Clean all parameters for all variants
Add component (AddParameter): Name = "Supplier 1"; Value = "Arrow"; VariantName = "[No Variations]"
Add component (AddParameter): Name = "Supplier Part Number 1"; Value = "TPS7A4700RGWT**MULT1"; VariantName = "[No Variations]"
Added Component: Designator=JP?(KF2EDGK5.08-2P)
Add component. Clean all parameters for all variants
Add component (AddParameter): Name = "BOM名称"; Value = "2P接插件"; VariantName = "[No Variations]"
Add component (AddParameter): Name = "版权归属"; Value = "源创客"; VariantName = "[No Variations]"
Add component (AddParameter): Name = "学习资源"; Value = "www.ooocke.com"; VariantName = "[No Variations]"
Added Component: Designator=JP?(KF2EDGK5.08-2P)
Add component. Clean all parameters for all variants
Add component (AddParameter): Name = "BOM名称"; Value = "2P接插件"; VariantName = "[No Variations]"
Add component (AddParameter): Name = "版权归属"; Value = "源创客"; VariantName = "[No Variations]"
Add component (AddParameter): Name = "学习资源"; Value = "www.ooocke.com"; VariantName = "[No Variations]"
Added Component: Designator=R?(RS 1/2W)
Add component. Clean all parameters for all variants
Add component (AddParameter): Name = "BOM名称"; Value = "色环电阻"; VariantName = "[No Variations]"
Add component (AddParameter): Name = "版权归属"; Value = "源创客"; VariantName = "[No Variations]"
Add component (AddParameter): Name = "学习资源"; Value = "www.ooocke.com"; VariantName = "[No Variations]"
Added Component: Designator=R?(RS 1/2W)
Add component. Clean all parameters for all variants
Add component (AddParameter): Name = "BOM名称"; Value = "色环电阻"; VariantName = "[No Variations]"
Add component (AddParameter): Name = "版权归属"; Value = "源创客"; VariantName = "[No Variations]"
Add component (AddParameter): Name = "学习资源"; Value = "www.ooocke.com"; VariantName = "[No Variations]"
Added Component: Designator=R?(RS 1/2W)
Add component. Clean all parameters for all variants
Add component (AddParameter): Name = "BOM名称"; Value = "色环电阻"; VariantName = "[No Variations]"
Add component (AddParameter): Name = "版权归属"; Value = "源创客"; VariantName = "[No Variations]"
Add component (AddParameter): Name = "学习资源"; Value = "www.ooocke.com"; VariantName = "[No Variations]"
Added Component: Designator=R?(RS 1/2W)
Add component. Clean all parameters for all variants
Add component (AddParameter): Name = "BOM名称"; Value = "色环电阻"; VariantName = "[No Variations]"
Add component (AddParameter): Name = "版权归属"; Value = "源创客"; VariantName = "[No Variations]"
Add component (AddParameter): Name = "学习资源"; Value = "www.ooocke.com"; VariantName = "[No Variations]"
Added Pin To Net: NetName=+15 Pin=C?-1
Added Pin To Net: NetName=+15 Pin=C?-1
Added Pin To Net: NetName=+15 Pin=E?-1
Added Pin To Net: NetName=+15 Pin=E?-1
Added Pin To Net: NetName=+15 Pin=IC?-7
Added Net: Name=+15
Added Pin To Net: NetName=-15 Pin=C?-1
Added Pin To Net: NetName=-15 Pin=C?-1
Added Pin To Net: NetName=-15 Pin=E?-2
Added Pin To Net: NetName=-15 Pin=E?-2
Added Pin To Net: NetName=-15 Pin=IC?-4
Added Net: Name=-15
Added Pin To Net: NetName=GND Pin=C?-2
Added Pin To Net: NetName=GND Pin=C?-2
Added Pin To Net: NetName=GND Pin=C?-2
Added Pin To Net: NetName=GND Pin=C?-2
Added Pin To Net: NetName=GND Pin=C?-2
Added Pin To Net: NetName=GND Pin=E?-1
Added Pin To Net: NetName=GND Pin=E?-1
Added Pin To Net: NetName=GND Pin=E?-2
Added Pin To Net: NetName=GND Pin=E?-2
Added Pin To Net: NetName=GND Pin=JP?-2
Added Pin To Net: NetName=GND Pin=JP?-2
Added Pin To Net: NetName=GND Pin=R?-1
Added Pin To Net: NetName=GND Pin=R?-2
Added Net: Name=GND
Added Pin To Net: NetName=NetC?_1 Pin=C?-1
Added Pin To Net: NetName=NetC?_1 Pin=IC?-3
Added Pin To Net: NetName=NetC?_1 Pin=R?-2
Added Net: Name=NetC?_1
Added Pin To Net: NetName=NetIC?_2 Pin=IC?-2
Added Pin To Net: NetName=NetIC?_2 Pin=R?-2
Added Net: Name=NetIC?_2
Added Pin To Net: NetName=NetIC?_6 Pin=IC?-6
Added Pin To Net: NetName=NetIC?_6 Pin=R?-1
Added Net: Name=NetIC?_6
Added Pin To Net: NetName=NetJP?_1 Pin=JP?-1
Added Pin To Net: NetName=NetJP?_1 Pin=R?-2
Added Net: Name=NetJP?_1
Added Class: Name=Preamp
Added Room: Name=Preamp
