Removed Pin From Net: NetName=+15 Pin=C2-1
Removed Pin From Net: NetName=+15 Pin=C3-1
Removed Pin From Net: NetName=+15 Pin=C8-2
Removed Pin From Net: NetName=+15 Pin=E3-1
Removed Pin From Net: NetName=+15 Pin=E4-1
Removed Pin From Net: NetName=+15 Pin=ic1-1
Removed Pin From Net: NetName=+15 Pin=ic1-20
Removed Pin From Net: NetName=+15 Pin=IC2-7
Change Component Designator: OldDesignator= NewDesignator=*1
Change Component Designator: OldDesignator= NewDesignator=*2
Change Component Designator: OldDesignator= NewDesignator=*3
Change Component Designator: OldDesignator= NewDesignator=*4
Change Component Designator: OldDesignator=C1 NewDesignator=C5
Change Component Designator: OldDesignator=C2 NewDesignator=C10
Change Component Designator: OldDesignator=C3 NewDesignator=C11
Change Component Designator: OldDesignator=C4 NewDesignator=C12
Change Component Designator: OldDesignator=C5 NewDesignator=C13
Change Component Designator: OldDesignator=C6 NewDesignator=C1
Change Component Designator: OldDesignator=C7 NewDesignator=C3
Change Component Designator: OldDesignator=C8 NewDesignator=C4
Change Component Designator: OldDesignator=C9 NewDesignator=C6
Change Component Designator: OldDesignator=C10 NewDesignator=C7
Change Component Designator: OldDesignator=C11 NewDesignator=C9
Change Component Designator: OldDesignator=E1 NewDesignator=E3
Change Component Designator: OldDesignator=E2 NewDesignator=E4
Change Component Designator: OldDesignator=E3 NewDesignator=E5
Change Component Designator: OldDesignator=E4 NewDesignator=E6
Change Component Designator: OldDesignator=E5 NewDesignator=E1
Change Component Designator: OldDesignator=E6 NewDesignator=E2
Change Component Designator: OldDesignator=JP1 NewDesignator=JP2
Change Component Designator: OldDesignator=JP2 NewDesignator=JP3
Change Component Designator: OldDesignator=JP3 NewDesignator=JP1
Change Component Designator: OldDesignator=R1 NewDesignator=R3
Change Component Designator: OldDesignator=R2 NewDesignator=R4
Change Component Designator: OldDesignator=R3 NewDesignator=R5
Change Component Designator: OldDesignator=R4 NewDesignator=R6
Added Component: Designator=C2(C 0603)
Add component. Clean all parameters for all variants
Add component (AddParameter): Name = "BOM名称"; Value = "无极性贴片电容"; VariantName = "[No Variations]"
Add component (AddParameter): Name = "版权归属"; Value = "源创客"; VariantName = "[No Variations]"
Add component (AddParameter): Name = "学习资源"; Value = "www.ooocke.com"; VariantName = "[No Variations]"
Added Component: Designator=C8(C 0603)
Add component. Clean all parameters for all variants
Add component (AddParameter): Name = "BOM名称"; Value = "无极性贴片电容"; VariantName = "[No Variations]"
Add component (AddParameter): Name = "版权归属"; Value = "源创客"; VariantName = "[No Variations]"
Add component (AddParameter): Name = "学习资源"; Value = "www.ooocke.com"; VariantName = "[No Variations]"
Added Component: Designator=R1(R 0805)
Add component. Clean all parameters for all variants
Add component (AddParameter): Name = "BOM名称"; Value = "贴片电阻"; VariantName = "[No Variations]"
Add component (AddParameter): Name = "版权归属"; Value = "源创客"; VariantName = "[No Variations]"
Add component (AddParameter): Name = "学习资源"; Value = "www.ooocke.com"; VariantName = "[No Variations]"
Added Component: Designator=R2(R 0805)
Add component. Clean all parameters for all variants
Add component (AddParameter): Name = "BOM名称"; Value = "贴片电阻"; VariantName = "[No Variations]"
Add component (AddParameter): Name = "版权归属"; Value = "源创客"; VariantName = "[No Variations]"
Add component (AddParameter): Name = "学习资源"; Value = "www.ooocke.com"; VariantName = "[No Variations]"
Added Component: Designator=R7(R 0805)
Add component. Clean all parameters for all variants
Add component (AddParameter): Name = "BOM名称"; Value = "贴片电阻"; VariantName = "[No Variations]"
Add component (AddParameter): Name = "版权归属"; Value = "源创客"; VariantName = "[No Variations]"
Add component (AddParameter): Name = "学习资源"; Value = "www.ooocke.com"; VariantName = "[No Variations]"
Added Component: Designator=R8(R 0805)
Add component. Clean all parameters for all variants
Add component (AddParameter): Name = "BOM名称"; Value = "贴片电阻"; VariantName = "[No Variations]"
Add component (AddParameter): Name = "版权归属"; Value = "源创客"; VariantName = "[No Variations]"
Add component (AddParameter): Name = "学习资源"; Value = "www.ooocke.com"; VariantName = "[No Variations]"
Added Pin To Net: NetName=GND Pin=C2-2
Added Pin To Net: NetName=GND Pin=C4-2
Added Pin To Net: NetName=+15 Pin=C8-1
Added Pin To Net: NetName=GND Pin=C8-2
Added Pin To Net: NetName=GND Pin=C10-1
Added Pin To Net: NetName=GND Pin=C11-1
Added Pin To Net: NetName=GND Pin=E5-1
Added Pin To Net: NetName=GND Pin=E6-1
Added Pin To Net: NetName=GND Pin=ic1-1
Added Pin To Net: NetName=GND Pin=ic1-20
Added Pin To Net: NetName=GND Pin=IC2-7
Added Pin To Net: NetName=+15 Pin=ic3-3
Added Pin To Net: NetName=GND Pin=R1-2
Added Pin To Net: NetName=GND Pin=R2-1
Added Pin To Net: NetName=+15 Pin=R7-1
Added Pin To Net: NetName=GND Pin=R7-2
Added Pin To Net: NetName=-15 Pin=R8-1
Added Pin To Net: NetName=+15 Pin=R8-2
Change Net Name : Old Net Name=+15 New Net Name=NetC8_1
Change Net Name : Old Net Name=GND New Net Name=+15
Change Net Name : Old Net Name=NetC1_1 New Net Name=NetC5_1
Change Net Name : Old Net Name=NetC7_2 New Net Name=NetC3_2
Change Net Name : Old Net Name=NetC11_2 New Net Name=NetC9_2
Change Net Name : Old Net Name=NetJP1_1 New Net Name=NetJP2_1
Change Net Name : Old Net Name=NetJP2_1 New Net Name=NetJP3_1
Added Pin To Net: NetName=NetC2_1 Pin=C2-1
Added Pin To Net: NetName=NetC2_1 Pin=ic1-3
Added Pin To Net: NetName=NetC2_1 Pin=R1-1
Added Pin To Net: NetName=NetC2_1 Pin=R2-2
Added Net: Name=NetC2_1
Added Member To Class: ClassName=Preamp Member=Component *1 M3
Added Member To Class: ClassName=Preamp Member=Component *3 M3
Added Member To Class: ClassName=Preamp Member=Component *4 M3
Added Member To Class: ClassName=Preamp Member=Component C12 0.1uF/275V
Added Member To Class: ClassName=Preamp Member=Component C13 0.1uF/275V
Added Member To Class: ClassName=Preamp Member=Component R5 Ro
Added Member To Class: ClassName=Preamp Member=Component R6 Rg
Added Member To Class: ClassName=Preamp Member=Component R7 1K
Added Member To Class: ClassName=Preamp Member=Component R8 1K
Added Room: Name=Preamp
