Change Component Designator: Old Designator=*1 New Designator=*2
Change Component Designator: Old Designator=*2 New Designator=*3
Change Component Designator: Old Designator=*3 New Designator=*4
Change Component Designator: Old Designator=* New Designator=*1
Change Component Designator: Old Designator=C1 New Designator=C5
Change Component Designator: Old Designator=C2 New Designator=C10
Change Component Designator: Old Designator=C3 New Designator=C11
Change Component Designator: Old Designator=C4 New Designator=C12
Change Component Designator: Old Designator=C5 New Designator=C13
Change Component Designator: Old Designator=C6 New Designator=C1
Change Component Designator: Old Designator=C7 New Designator=C3
Change Component Designator: Old Designator=C8 New Designator=C4
Change Component Designator: Old Designator=C9 New Designator=C6
Change Component Designator: Old Designator=C10 New Designator=C7
Change Component Designator: Old Designator=C11 New Designator=C9
Change Component Designator: Old Designator=C? New Designator=C2
Change Component Designator: Old Designator=C? New Designator=C8
Change Component Designator: Old Designator=E1 New Designator=E3
Change Component Designator: Old Designator=E2 New Designator=E4
Change Component Designator: Old Designator=E3 New Designator=E5
Change Component Designator: Old Designator=E4 New Designator=E6
Change Component Designator: Old Designator=E5 New Designator=E1
Change Component Designator: Old Designator=E6 New Designator=E2
Change Component Designator: Old Designator=JP1 New Designator=JP2
Change Component Designator: Old Designator=JP2 New Designator=JP3
Change Component Designator: Old Designator=JP3 New Designator=JP1
Change Component Designator: Old Designator=R1 New Designator=R3
Change Component Designator: Old Designator=R2 New Designator=R4
Change Component Designator: Old Designator=R3 New Designator=R5
Change Component Designator: Old Designator=R4 New Designator=R6
Change Component Designator: Old Designator=R? New Designator=R1
Change Component Designator: Old Designator=R? New Designator=R2
Change Component Designator: Old Designator=R? New Designator=R7
Change Component Designator: Old Designator=R? New Designator=R8
