C51 COMPILER V9.00   DS1302                                                                07/10/2015 20:19:08 PAGE 1   


C51 COMPILER V9.00, COMPILATION OF MODULE DS1302
OBJECT MODULE PLACED IN ds1302.OBJ
COMPILER INVOKED BY: D:\软件安装\KEIL 4\C51\BIN\C51.EXE ds1302.c LARGE BROWSE DEBUG OBJECTEXTEND

line level    source

   1          #include <intrins.h>        /* use _nop_() function */
   2          //DS1302管脚定义
   3          sbit T_CLK  = P1^3; 
*** ERROR C202 IN LINE 3 OF DS1302.C: 'P1': undefined identifier
   4          sbit T_IO   = P1^2;   
*** ERROR C202 IN LINE 4 OF DS1302.C: 'P1': undefined identifier
   5          sbit T_RST  = P1^1; 
*** ERROR C202 IN LINE 5 OF DS1302.C: 'P1': undefined identifier
   6          
   7          sbit ACC0   = ACC^0;
*** ERROR C202 IN LINE 7 OF DS1302.C: 'ACC': undefined identifier
   8          sbit ACC1   = ACC^1;
*** ERROR C202 IN LINE 8 OF DS1302.C: 'ACC': undefined identifier
   9          sbit ACC2   = ACC^2;
*** ERROR C202 IN LINE 9 OF DS1302.C: 'ACC': undefined identifier
  10          sbit ACC3   = ACC^3;
*** ERROR C202 IN LINE 10 OF DS1302.C: 'ACC': undefined identifier
  11          sbit ACC4   = ACC^4;
*** ERROR C202 IN LINE 11 OF DS1302.C: 'ACC': undefined identifier
  12          sbit ACC5   = ACC^5;
*** ERROR C202 IN LINE 12 OF DS1302.C: 'ACC': undefined identifier
  13          sbit ACC6   = ACC^6;
*** ERROR C202 IN LINE 13 OF DS1302.C: 'ACC': undefined identifier
  14          sbit ACC7   = ACC^7;
*** ERROR C202 IN LINE 14 OF DS1302.C: 'ACC': undefined identifier
  15          //------------------------------------------------------------------------------------------
  16          //时钟数据(7字节BCD码)格式为： 秒   分   时   日    月星期   年-----------------------------
  17          unsigned char idata Time[7];//={0x30,0x42,0x23,0x18,0x06,0x04,0x09};
  18          unsigned char idata Wc[3];
  19          unsigned char idata alarm[2]={0x30,0x06};
  20          //------------------------------------------------------------------------------------------
  21          bit flag; //flag-闰年标记
  22          
  23          unsigned char alarm_ss,alarm_hh;
  24          int second,minute,hour,day,month,week,year,zwc,fwc,wdc;
  25          unsigned char BCD2HEX(unsigned char BCDChar);
  26          unsigned char HEX2BCD(unsigned char HEXChar);
  27          void WriteByteDS1302(unsigned char Data);
  28          unsigned char ReadByteDS1302(void); 
  29          void WriteDS1302(unsigned char Addr,unsigned char Data);
  30          unsigned char ReadDS1302(unsigned char Addr);
  31          void Set(unsigned char sel,unsigned char selby);
  32          void SetTime(unsigned char  *pClock);
  33          void ReadTime();
  34          void WriteTime();
  35          void StopTime();
  36          void StartTime();
  37          void bucang(void);
  38          /******************************************************************************************* 
  39          *  函数名： BCD2HEX    
  40          *  功能描述：  
  41          *  入口参数：  无 
  42          *  出口参数：  无 
  43          *******************************************************************************************/ 
  44          unsigned char BCD2HEX(unsigned char BCDChar)     
C51 COMPILER V9.00   DS1302                                                                07/10/2015 20:19:08 PAGE 2   

  45          { 
  46   1          unsigned char temp; 
  47   1          temp=(BCDChar/16*10+BCDChar%16); 
  48   1          return temp; 
  49   1      } 
  50          /******************************************************************************************* 
  51          *  函数名： WriteByteDS1302    
  52          *  功能描述：  
  53          *  入口参数：  无 
  54          *  出口参数：  无 
  55          *******************************************************************************************/  
  56          void WriteByteDS1302(unsigned char Data) 
  57          { 
  58   1          unsigned char i;
  59   1          ACC = Data;
*** ERROR C202 IN LINE 59 OF DS1302.C: 'ACC': undefined identifier
  60   1          for(i=8; i>0; i--)
  61   1          {
  62   2              T_IO = ACC0; _nop_();_nop_();_nop_();        
*** ERROR C202 IN LINE 62 OF DS1302.C: 'T_IO': undefined identifier
  63   2              T_CLK = 1;      _nop_();_nop_();_nop_();_nop_();_nop_();_nop_();
*** ERROR C202 IN LINE 63 OF DS1302.C: 'T_CLK': undefined identifier
  64   2              T_CLK = 0;      _nop_();_nop_();_nop_();
*** ERROR C202 IN LINE 64 OF DS1302.C: 'T_CLK': undefined identifier
  65   2              ACC = ACC >> 1; 
*** ERROR C202 IN LINE 65 OF DS1302.C: 'ACC': undefined identifier
  66   2          } 
  67   1      }
  68          /******************************************************************************************* 
  69          *  函数名： ReadByteDS1302    
  70          *  功能描述：  
  71          *  入口参数：  无 
  72          *  出口参数：  无 
  73          *******************************************************************************************/  
  74          unsigned char ReadByteDS1302(void) 
  75          { 
  76   1          unsigned char i;
  77   1          for(i=8; i>0; i--)
  78   1          {
  79   2              ACC = ACC >>1;       
*** ERROR C202 IN LINE 79 OF DS1302.C: 'ACC': undefined identifier
  80   2              ACC7 = T_IO; _nop_();_nop_();
*** ERROR C202 IN LINE 80 OF DS1302.C: 'ACC7': undefined identifier
  81   2              T_CLK = 1;      _nop_();_nop_();_nop_();_nop_();_nop_();_nop_();
*** ERROR C202 IN LINE 81 OF DS1302.C: 'T_CLK': undefined identifier
  82   2              T_CLK = 0;
*** ERROR C202 IN LINE 82 OF DS1302.C: 'T_CLK': undefined identifier
  83   2          } 
  84   1          return(ACC); 
*** ERROR C202 IN LINE 84 OF DS1302.C: 'ACC': undefined identifier
  85   1      }
  86          /******************************************************************************************* 
  87          *  函数名： WriteDS1302    
  88          *  功能描述：  
  89          *  入口参数：  无 
  90          *  出口参数：  无 
  91          *******************************************************************************************/  
  92          void WriteDS1302(unsigned char Addr,unsigned char Data)
  93          {
  94   1          T_RST = 0;   _nop_();_nop_();_nop_();_nop_();
*** ERROR C202 IN LINE 94 OF DS1302.C: 'T_RST': undefined identifier
  95   1          T_CLK = 0;   _nop_();_nop_();_nop_();_nop_();
C51 COMPILER V9.00   DS1302                                                                07/10/2015 20:19:08 PAGE 3   

*** ERROR C202 IN LINE 95 OF DS1302.C: 'T_CLK': undefined identifier
  96   1          T_RST = 1;   _nop_();_nop_();_nop_();_nop_();
*** ERROR C202 IN LINE 96 OF DS1302.C: 'T_RST': undefined identifier
  97   1          WriteByteDS1302(Addr); _nop_();_nop_();_nop_();_nop_();   
  98   1          WriteByteDS1302(Data); _nop_();_nop_();_nop_();_nop_(); 
  99   1          T_CLK = 1;   _nop_();_nop_();_nop_();_nop_();
*** ERROR C202 IN LINE 99 OF DS1302.C: 'T_CLK': undefined identifier
 100   1          T_RST = 0;  _nop_();_nop_();_nop_();_nop_();
*** ERROR C202 IN LINE 100 OF DS1302.C: 'T_RST': undefined identifier
 101   1              
 102   1      
 103   1      }
 104          /******************************************************************************************* 
 105          *  函数名： ReadDS1302    
 106          *  功能描述：  
 107          *  入口参数：  无 
 108          *  出口参数：  无 
 109          *******************************************************************************************/  
 110          unsigned char ReadDS1302(unsigned char Addr)
 111          {
 112   1          unsigned char Data;
 113   1          T_RST = 0;  _nop_();_nop_();_nop_();_nop_();
*** ERROR C202 IN LINE 113 OF DS1302.C: 'T_RST': undefined identifier
 114   1          T_CLK = 0;  _nop_();_nop_();
*** ERROR C202 IN LINE 114 OF DS1302.C: 'T_CLK': undefined identifier
 115   1          T_RST = 1;  _nop_();_nop_();_nop_();_nop_();
*** ERROR C202 IN LINE 115 OF DS1302.C: 'T_RST': undefined identifier
 116   1          WriteByteDS1302(Addr);    _nop_();_nop_();_nop_();_nop_();      
 117   1          Data = ReadByteDS1302();  _nop_();_nop_();_nop_();_nop_();   
 118   1          T_CLK = 1;    _nop_();_nop_();_nop_();_nop_();
*** ERROR C202 IN LINE 118 OF DS1302.C: 'T_CLK': undefined identifier
 119   1          T_RST = 0;
*** ERROR C202 IN LINE 119 OF DS1302.C: 'T_RST': undefined identifier
 120   1          return(Data);
 121   1      }
 122          /******************************************************************************************* 
 123          *  函数名： Set    
 124          *  功能描述：  
 125          *  入口参数：  无 
 126          *  出口参数：  无 
 127          *******************************************************************************************/ 
 128          void Set(unsigned char sel,unsigned char selby) 
 129          {
 130   1          unsigned char address;
 131   1              char item;
 132   1          unsigned char max,min;
 133   1      
 134   1          if(sel==0)  {address=0x80; max=59;min=0;}    //秒
 135   1          if(sel==1)  {address=0x82; max=59;min=0;}    //分钟
 136   1          if(sel==2)  {address=0x84; max=23;min=0;}    //小时
 137   1              if(month==2)
 138   1                      if(flag==1)
 139   1                      {
 140   2                              if(sel==3)  {address=0x86; max=28;min=1;} 
 141   2                      }
 142   1                      else
 143   1                      {
 144   2                              if(sel==3)  {address=0x86; max=27;min=1;}
 145   2                      }
 146   1              else
 147   1              {
 148   2                      if(month==1|month==3|month==5|month==7|month==8|month==10|month==12)
C51 COMPILER V9.00   DS1302                                                                07/10/2015 20:19:08 PAGE 4   

 149   2                      {    
 150   3                              if(sel==3)  {address=0x86; max=31;min=1;}
 151   3                      }
 152   2                      if(month==4|month==6|month==9|month==11)
 153   2                      {    
 154   3                              if(sel==3)  {address=0x86; max=30;min=1;}
 155   3                      }
 156   2              }
 157   1          if(sel==4)  {address=0x88; max=12;min=1;}    //月
 158   1          if(sel==5)  {address=0x8a; max=7; min=1;}    //星期
 159   1          if(sel==6)  {address=0x8c; max=99;min=0;}    //年
 160   1          if(sel==7)  {address=0xc2; max=1;min=0;}     //N秒数据
 161   1          if(sel==8)  {address=0xc4; max=28;min=0;}    //快慢N秒数据
 162   1          item=ReadDS1302(address+1)/16*10+ReadDS1302(address+1)%16;
 163   1          if (selby==0) item++;  else item--;
 164   1          if(item>max) item=min;   
 165   1          if(item<min) item=max;
 166   1                 
 167   1          WriteDS1302(0x8e,0x00);
 168   1          WriteDS1302(address,item/10*16+item%10);
 169   1          WriteDS1302(0x90,0xa5); 
 170   1          WriteDS1302(0x8e,0x80);  
 171   1      }
 172          
 173          /******************************************************************************************* 
 174          *  函数名： ReadTime    
 175          *  功能描述：  
 176          *  入口参数：  无 
 177          *  出口参数：  无 
 178          *******************************************************************************************/  
 179          void ReadTime()
 180          {
 181   1          second = BCD2HEX(Time[0]=ReadDS1302(0x81));   _nop_();_nop_();
 182   1              minute = BCD2HEX(Time[1]=ReadDS1302(0x83));      _nop_();_nop_();
 183   1              hour   = BCD2HEX(Time[2]=ReadDS1302(0x85));     _nop_();_nop_();
 184   1              day    = BCD2HEX(Time[3]=ReadDS1302(0x87));     _nop_();_nop_();
 185   1              month  = BCD2HEX(Time[4]=ReadDS1302(0x89));     _nop_();_nop_();
 186   1              week   = BCD2HEX(Time[6]=ReadDS1302(0x8b));     _nop_();_nop_();
 187   1              year   = BCD2HEX(Time[5]=ReadDS1302(0x8d));     _nop_();_nop_();
 188   1              zwc   = BCD2HEX(Wc[0]=ReadDS1302(0xc3)); _nop_();_nop_(); //N秒数据
 189   1              fwc   = BCD2HEX(Wc[1]=ReadDS1302(0xc5)); //快慢N秒数据
 190   1      
 191   1      }
 192          
 193          /*****************************************************************************/
 194          //设置1302的初始时间（自动初始化）
 195          void Init_1302(void){//-设置1302的初始时间（2007年1月1日00时00分00秒星期一）
 196   1      
 197   1              if(ReadDS1302(0xc1) != 0xaa){
 198   2                      WriteDS1302(0x8e,0x00);//允许写操作
 199   2                      WriteDS1302(0x8c,0x14);//年
 200   2                      WriteDS1302(0x8a,0x02);//星期
 201   2                      WriteDS1302(0x88,0x06);//月
 202   2                      WriteDS1302(0x86,0x24);//日
 203   2                      WriteDS1302(0x84,0x12);//小时
 204   2                      WriteDS1302(0x82,0x00);//分钟
 205   2                      WriteDS1302(0x80,0x00);//秒
 206   2                      WriteDS1302(0x90,0xa5);//充电   
 207   2                      WriteDS1302(0xc0,0xaa);//写入初始化标志RAM（第00个RAM位置）
 208   2      
 209   2                      WriteDS1302(0x8e,0x80);//禁止写操作
 210   2              }
C51 COMPILER V9.00   DS1302                                                                07/10/2015 20:19:08 PAGE 5   

 211   1      }
 212          

C51 COMPILATION COMPLETE.  0 WARNING(S),  31 ERROR(S)
