C51 COMPILER V9.00   MAIN                                                                  08/07/2015 12:02:16 PAGE 1   


C51 COMPILER V9.00, COMPILATION OF MODULE MAIN
OBJECT MODULE PLACED IN main.OBJ
COMPILER INVOKED BY: D:\软件安装\KEIL 4\C51\BIN\C51.EXE main.c LARGE BROWSE DEBUG OBJECTEXTEND

line level    source

   1          #include <REG51.H>
   2          #include <intrins.h>
   3          #include <absacc.h>
   4          #include <stdio.h> 
   5          #include <math.h> 
   6          #include <string.h> 
   7          #include "uart.h"
   8          sfr P3M0 =0xb1;
   9          sfr P3M1 =0xb2;
  10          //#include "ds1302.c"
  11          #define uchar unsigned char
  12          #define uint  unsigned int
  13          
  14          int second,minute,hour,day,month,week,year,zwc,fwc,wdc,bal,txt,wendu;
  15          uchar xdata buf[64];
  16          uchar xdata boxing[]={120,120,120,120,120,120,120,120,120,120,120,120,120,120,120,120,120,120,120,120,20,2
             -0,20,20,20,20,20,20,20,20,20,20,20,20,20,20,20,20,20,20};
  17          
  18          uchar code zhengxianbo[] = 
  19          {
  20           0x7F,0x85,0x8B,0x92,0x98,0x9E,0xA4,0xAA,0xB0,0xB6,0xBB,0xC1,0xC6,0xCB,0xD0,0xD5
  21          ,0xD9,0xDD,0xE2,0xE5,0xE9,0xEC,0xEF,0xF2,0xF5,0xF7,0xF9,0xFB,0xFC,0xFD,0xFE,0xFE
  22          ,0xFE,0xFE,0xFE,0xFD,0xFC,0xFB,0xF9,0xF7,0xF5,0xF2,0xEF,0xEC,0xE9,0xE5,0xE2,0xDD
  23          ,0xD9,0xD5,0xD0,0xCB,0xC6,0xC1,0xBB,0xB6,0xB0,0xAA,0xA4,0x9E,0x98,0x92,0x8B,0x85
  24          ,0x7F,0x79,0x73,0x6C,0x66,0x60,0x5A,0x54,0x4E,0x48,0x43,0x3D,0x38,0x33,0x2E,0x29
  25          ,0x25,0x21,0x1C,0x19,0x15,0x12,0x0F,0x0C,0x09,0x07,0x05,0x03,0x02,0x01,0x00,0x00
  26          ,0x00,0x00,0x00,0x01,0x02,0x03,0x05,0x07,0x09,0x0C,0x0F,0x12,0x15,0x19,0x1C,0x21
  27          ,0x25,0x29,0x2E,0x33,0x38,0x3D,0x43,0x48,0x4E,0x54,0x5A,0x60,0x66,0x6C,0x73,0x79
  28          };
  29          /*******************测试单片机STC12LE5A60S2******************************/
  30          /*******************晶振 33MHz*******************************************/
  31          
  32          
  33          
  34          
  35          /**************************************************************************
  36           - 功能描述：51单片机的串口初始化
  37           - 隶属模块：STC51串口操作
  38           - 函数属性：外部，使用户使用
  39           - 参数说明：无
  40           - 返回说明：无
  41           **************************************************************************/
  42          void UART_Init()     
  43          {
  44   1       PCON|=0x00; //PCON的最高位SMOD=1时波特率加倍 
  45   1       TMOD=0x20;  //时器1为方式2 初值自动装入 产生波特率
  46   1       TH1=0xf7;   //定时器初始为0XF7，晶振为33MHz，本函数实际产生的波特率为9600bps
  47   1       TL1=0xf7;       //同上  f7
  48   1       SCON=0x50;      //串口设置为方式1,REN=1,允许接收
  49   1       TR1=1;      //启动定时器1
  50   1       ES=1;       //使能串口接收中断，
  51   1      // EA=1;     //打开所有中断
  52   1      }
  53          
  54          /**************************************************************************
C51 COMPILER V9.00   MAIN                                                                  08/07/2015 12:02:16 PAGE 2   

  55           - 功能描述：51单片机的串口发送字节的函数
  56           - 隶属模块：STC51串口操作
  57           - 函数属性：外部，使用户使用
  58           - 参数说明：mydata:要发送的一个字节
  59           - 返回说明：无
  60           - 注：发送一个字节，是串口发送的基础操作
  61           **************************************************************************/
  62          void UART_Send_Byte(unsigned char mydata)       
  63          {
  64   1       ES=0;
  65   1       TI=0;
  66   1       SBUF=mydata;
  67   1       while(!TI);
  68   1       TI=0;
  69   1       ES=1;
  70   1      }
  71          
  72          /**************************************************************************
  73           - 功能描述：51单片机的串口发送字符串
  74           - 隶属模块：STC51串口操作
  75           - 函数属性：外部，使用户使用
  76           - 参数说明：s:指向字符串的指针
  77           - 返回说明：无
  78           **************************************************************************/
  79          void UART_Send_Str(char *s)
  80          {
  81   1       int i=0;
  82   1       while(s[i]!=0)
  83   1       {
  84   2              UART_Send_Byte(s[i]);
  85   2              i++;
  86   2       }
  87   1       
  88   1      }
  89          void UART_Send_END(void)
  90          {
  91   1               UART_Send_Byte(0xFF);
  92   1               UART_Send_Byte(0xFF);
  93   1               UART_Send_Byte(0xFF);
  94   1      }
  95          /*
  96          void UART_Send_HEX(char *buff,char len)
  97          {
  98                  while(len--)
  99                  UART_Send_Byte(*buff++);
 100          }
 101          */
 102          void delayms(int count)  // /* X1ms */
 103          {
 104   1              int i,j;
 105   1              for(i=0;i<count;i++)
 106   1                      for(j=0;j<1000;j++);
 107   1      }
 108          
 109          void UART_Send_start(void)
 110          {
 111   1               delayms(10);
 112   1               UART_Send_END();
 113   1               delayms(10);
 114   1      }
 115          
 116          void main(void)
C51 COMPILER V9.00   MAIN                                                                  08/07/2015 12:02:16 PAGE 3   

 117          {
 118   1       uint s=0; uint b;
 119   1       uint ch0,ch1;
 120   1       signed int i,j;
 121   1       second=50;minute=48;hour=12;day=15;month=7;week=2;year=16;bal=0;txt=0;wendu=0;b=0;
 122   1       P3M0&= ~0X02;
 123   1       P3M1|=0X02;   //TX强上拉
 124   1       UART_Init();  //初始化串口，板上的晶振为33MHz，实际的波特率为9600bps
 125   1       UART_Send_start();//为确保串口HMI正常通信  
 126   1       UART_Send_Str("page 0");
 127   1       UART_Send_END(); 
 128   1       delayms(2000);
 129   1      
 130   1                      while(1)
 131   1                      {
 132   2                      /*      for(i=0;i<40;i++)                          //方波显示
 133   2                              {
 134   2                               UART_Send_Str("s0.pco1=RED");//改变0通道的颜色
 135   2                               UART_Send_END();
 136   2                               UART_Send_Str("ref s0");     // 刷新
 137   2                               UART_Send_END();
 138   2                               sprintf(buf,"add 1,1,%d",b);
 139   2                               UART_Send_Str(buf);
 140   2                               UART_Send_END();
 141   2                               delayms(20);
 142   2                               b=boxing[i];
 143   2                      
 144   2                              }
 145   2                                       i=0;   */
 146   2                              j= 32;
 147   2                              for(i=0;i<sizeof(zhengxianbo);i++)      //正弦波显示
 148   2                              {
 149   3      
 150   3                               ch0 = zhengxianbo[i]/3+40;
 151   3                               ch1 = zhengxianbo[j++]/3+40;
 152   3                               if(j>=sizeof(zhengxianbo))
 153   3                               j = 0;
 154   3                               sprintf(buf,"add 1,0,%d",ch0);
 155   3                               UART_Send_Str(buf);
 156   3                               UART_Send_END();
 157   3                               sprintf(buf,"add 1,1,%d",ch1);
 158   3                               UART_Send_Str(buf);
 159   3                               UART_Send_END();
 160   3      
 161   3                      
 162   3                              }
 163   2      
 164   2      
 165   2                      /*   
 166   2                         for(i=0;i<150;i+=4)                         //锯齿波显示
 167   2                              {
 168   2                              
 169   2                                      UART_Send_Str("s0.pco0=GREEN");//改变0通道的颜色
 170   2                                      UART_Send_END();
 171   2                                      UART_Send_Str("ref s0");     // 刷新
 172   2                                      UART_Send_END();
 173   2                                      sprintf(buf,"add 1,0,%d",i);
 174   2                                      UART_Send_Str(buf);
 175   2                                      UART_Send_END();
 176   2                                      delayms(20);
 177   2                              }
 178   2                              for(i=150;i>0;i-=4)
C51 COMPILER V9.00   MAIN                                                                  08/07/2015 12:02:16 PAGE 4   

 179   2                               {
 180   2                              sprintf(buf,"add 1,0,%d",i);
 181   2                                      UART_Send_Str(buf);
 182   2                                      UART_Send_END();
 183   2                                      delayms(50);
 184   2                              }  */
 185   2                      }
 186   1      }
 187          
 188          


MODULE INFORMATION:   STATIC OVERLAYABLE
   CODE SIZE        =    498    ----
   CONSTANT SIZE    =    157    ----
   XDATA SIZE       =    130      15
   PDATA SIZE       =   ----    ----
   DATA SIZE        =   ----    ----
   IDATA SIZE       =   ----    ----
   BIT SIZE         =   ----    ----
END OF MODULE INFORMATION.


C51 COMPILATION COMPLETE.  0 WARNING(S),  0 ERROR(S)
